<?xml version="1.0" encoding="UTF-8"?>
<testng-results ignored="0" total="1" passed="1" failed="0" skipped="0">
  <reporter-output>
  </reporter-output>
  <suite started-at="2023-04-13T10:59:53 IST" name="Default suite" finished-at="2023-04-13T10:59:53 IST" duration-ms="80">
    <groups>
    </groups>
    <test started-at="2023-04-13T10:59:53 IST" name="Default test" finished-at="2023-04-13T10:59:53 IST" duration-ms="80">
      <class name="sample.Demo">
        <test-method signature="kiru()[pri:0, instance:sample.Demo@3cc2931c]" started-at="2023-04-13T10:59:53 IST" name="kiru" finished-at="2023-04-13T10:59:53 IST" duration-ms="22" status="PASS">
          <reporter-output>
          </reporter-output>
        </test-method> <!-- kiru -->
      </class> <!-- sample.Demo -->
    </test> <!-- Default test -->
  </suite> <!-- Default suite -->
</testng-results>
